[debug] [2025-04-01T16:04:02.048Z] ----------------------------------------------------------------------
[debug] [2025-04-01T16:04:02.050Z] Command:       C:\Program Files\nodejs\node.exe C:\Program Files\nodejs\node_modules\firebase-tools\lib\bin\firebase.js hosting:channel:deploy preview-channel
[debug] [2025-04-01T16:04:02.051Z] CLI Version:   13.35.1
[debug] [2025-04-01T16:04:02.051Z] Platform:      win32
[debug] [2025-04-01T16:04:02.051Z] Node Version:  v20.18.1
[debug] [2025-04-01T16:04:02.051Z] Time:          Tue Apr 01 2025 17:04:02 GMT+0100 (GMT+01:00)
[debug] [2025-04-01T16:04:02.051Z] ----------------------------------------------------------------------
[debug] 
[debug] [2025-04-01T16:04:02.229Z] > command requires scopes: ["email","openid","https://www.googleapis.com/auth/cloudplatformprojects.readonly","https://www.googleapis.com/auth/firebase","https://www.googleapis.com/auth/cloud-platform"]
[debug] [2025-04-01T16:04:02.230Z] > authorizing via signed-in user (adelpro@gmail.com)
[debug] [2025-04-01T16:04:02.230Z] [iam] checking project open-mushaf-native for permissions ["firebase.projects.get","firebasehosting.sites.update"]
[debug] [2025-04-01T16:04:02.231Z] Checked if tokens are valid: true, expires at: 1743525625706
[debug] [2025-04-01T16:04:02.231Z] Checked if tokens are valid: true, expires at: 1743525625706
[debug] [2025-04-01T16:04:02.232Z] >>> [apiv2][query] POST https://cloudresourcemanager.googleapis.com/v1/projects/open-mushaf-native:testIamPermissions [none]
[debug] [2025-04-01T16:04:02.232Z] >>> [apiv2][(partial)header] POST https://cloudresourcemanager.googleapis.com/v1/projects/open-mushaf-native:testIamPermissions x-goog-quota-user=projects/open-mushaf-native
[debug] [2025-04-01T16:04:02.232Z] >>> [apiv2][body] POST https://cloudresourcemanager.googleapis.com/v1/projects/open-mushaf-native:testIamPermissions {"permissions":["firebase.projects.get","firebasehosting.sites.update"]}
[debug] [2025-04-01T16:04:03.245Z] <<< [apiv2][status] POST https://cloudresourcemanager.googleapis.com/v1/projects/open-mushaf-native:testIamPermissions 200
[debug] [2025-04-01T16:04:03.245Z] <<< [apiv2][body] POST https://cloudresourcemanager.googleapis.com/v1/projects/open-mushaf-native:testIamPermissions {"permissions":["firebase.projects.get","firebasehosting.sites.update"]}
[debug] [2025-04-01T16:04:03.245Z] Checked if tokens are valid: true, expires at: 1743525625706
[debug] [2025-04-01T16:04:03.245Z] Checked if tokens are valid: true, expires at: 1743525625706
[debug] [2025-04-01T16:04:03.246Z] >>> [apiv2][query] GET https://firebase.googleapis.com/v1beta1/projects/open-mushaf-native [none]
[debug] [2025-04-01T16:04:03.807Z] <<< [apiv2][status] GET https://firebase.googleapis.com/v1beta1/projects/open-mushaf-native 200
[debug] [2025-04-01T16:04:03.807Z] <<< [apiv2][body] GET https://firebase.googleapis.com/v1beta1/projects/open-mushaf-native {"projectId":"open-mushaf-native","projectNumber":"441543216338","displayName":"Open-mushaf-native","name":"projects/open-mushaf-native","resources":{"hostingSite":"open-mushaf-native"},"state":"ACTIVE","etag":"1_a0c0b47d-11f1-4005-8a13-34761b66436e"}
[debug] [2025-04-01T16:04:03.809Z] Checked if tokens are valid: true, expires at: 1743525625706
[debug] [2025-04-01T16:04:03.809Z] Checked if tokens are valid: true, expires at: 1743525625706
[debug] [2025-04-01T16:04:03.809Z] >>> [apiv2][query] GET https://firebasehosting.googleapis.com/v1beta1/projects/open-mushaf-native/sites/open-mushaf-native/channels/preview-channel [none]
[debug] [2025-04-01T16:04:05.073Z] <<< [apiv2][status] GET https://firebasehosting.googleapis.com/v1beta1/projects/open-mushaf-native/sites/open-mushaf-native/channels/preview-channel 200
[debug] [2025-04-01T16:04:05.073Z] <<< [apiv2][body] GET https://firebasehosting.googleapis.com/v1beta1/projects/open-mushaf-native/sites/open-mushaf-native/channels/preview-channel {"name":"projects/open-mushaf-native/sites/open-mushaf-native/channels/preview-channel","url":"https://open-mushaf-native--preview-channel-ys3fhc1b.web.app","release":{"name":"projects/open-mushaf-native/sites/open-mushaf-native/channels/preview-channel/releases/1743523316585000","version":{"name":"projects/open-mushaf-native/sites/open-mushaf-native/versions/d4a25029207fc110","status":"FINALIZED","config":{"rewrites":[{"glob":"**","path":"/index.html"}]},"labels":{"deployment-tool":"cli-firebase"},"createTime":"2025-04-01T16:01:04.494996Z","createUser":{"email":"Adelpro@gmail.com"},"finalizeTime":"2025-04-01T16:01:56.449846Z","finalizeUser":{"email":"Adelpro@gmail.com"},"fileCount":"1276","versionBytes":"149532735"},"type":"DEPLOY","releaseTime":"2025-04-01T16:01:56.585Z","releaseUser":{"email":"Adelpro@gmail.com"}},"createTime":"2025-03-29T10:20:15.899171043Z","updateTime":"2025-04-01T16:01:56.585Z","retainedReleaseCount":10,"expireTime":"2025-04-08T16:01:03.860597738Z"}
[debug] [2025-04-01T16:04:05.074Z] [hosting] found existing channel for site open-mushaf-native {"name":"projects/open-mushaf-native/sites/open-mushaf-native/channels/preview-channel","url":"https://open-mushaf-native--preview-channel-ys3fhc1b.web.app","release":{"name":"projects/open-mushaf-native/sites/open-mushaf-native/channels/preview-channel/releases/1743523316585000","version":{"name":"projects/open-mushaf-native/sites/open-mushaf-native/versions/d4a25029207fc110","status":"FINALIZED","config":{"rewrites":[{"glob":"**","path":"/index.html"}]},"labels":{"deployment-tool":"cli-firebase"},"createTime":"2025-04-01T16:01:04.494996Z","createUser":{"email":"Adelpro@gmail.com"},"finalizeTime":"2025-04-01T16:01:56.449846Z","finalizeUser":{"email":"Adelpro@gmail.com"},"fileCount":"1276","versionBytes":"149532735"},"type":"DEPLOY","releaseTime":"2025-04-01T16:01:56.585Z","releaseUser":{"email":"Adelpro@gmail.com"}},"createTime":"2025-03-29T10:20:15.899171043Z","updateTime":"2025-04-01T16:01:56.585Z","retainedReleaseCount":10,"expireTime":"2025-04-08T16:01:03.860597738Z"}
[debug] [2025-04-01T16:04:05.074Z] Checked if tokens are valid: true, expires at: 1743525625706
[debug] [2025-04-01T16:04:05.074Z] Checked if tokens are valid: true, expires at: 1743525625706
[debug] [2025-04-01T16:04:05.074Z] >>> [apiv2][query] PATCH https://firebasehosting.googleapis.com/v1beta1/projects/open-mushaf-native/sites/open-mushaf-native/channels/preview-channel updateMask=ttl
[debug] [2025-04-01T16:04:05.074Z] >>> [apiv2][body] PATCH https://firebasehosting.googleapis.com/v1beta1/projects/open-mushaf-native/sites/open-mushaf-native/channels/preview-channel {"ttl":"604800s"}
[debug] [2025-04-01T16:04:05.733Z] <<< [apiv2][status] PATCH https://firebasehosting.googleapis.com/v1beta1/projects/open-mushaf-native/sites/open-mushaf-native/channels/preview-channel 200
[debug] [2025-04-01T16:04:05.733Z] <<< [apiv2][body] PATCH https://firebasehosting.googleapis.com/v1beta1/projects/open-mushaf-native/sites/open-mushaf-native/channels/preview-channel {"name":"projects/open-mushaf-native/sites/open-mushaf-native/channels/preview-channel","url":"https://open-mushaf-native--preview-channel-ys3fhc1b.web.app","release":{"name":"projects/open-mushaf-native/sites/open-mushaf-native/channels/preview-channel/releases/1743523316585000","version":{"name":"projects/open-mushaf-native/sites/open-mushaf-native/versions/d4a25029207fc110","status":"FINALIZED","config":{"rewrites":[{"glob":"**","path":"/index.html"}]},"labels":{"deployment-tool":"cli-firebase"},"createTime":"2025-04-01T16:01:04.494996Z","createUser":{"email":"Adelpro@gmail.com"},"finalizeTime":"2025-04-01T16:01:56.449846Z","finalizeUser":{"email":"Adelpro@gmail.com"},"fileCount":"1276","versionBytes":"149532735"},"type":"DEPLOY","releaseTime":"2025-04-01T16:01:56.585Z","releaseUser":{"email":"Adelpro@gmail.com"}},"createTime":"2025-03-29T10:20:15.899171043Z","updateTime":"2025-04-01T16:04:04.818808687Z","retainedReleaseCount":10,"expireTime":"2025-04-08T16:04:04.818808687Z"}
[debug] [2025-04-01T16:04:05.733Z] [hosting] updated TTL for existing channel for site open-mushaf-native {"name":"projects/open-mushaf-native/sites/open-mushaf-native/channels/preview-channel","url":"https://open-mushaf-native--preview-channel-ys3fhc1b.web.app","release":{"name":"projects/open-mushaf-native/sites/open-mushaf-native/channels/preview-channel/releases/1743523316585000","version":{"name":"projects/open-mushaf-native/sites/open-mushaf-native/versions/d4a25029207fc110","status":"FINALIZED","config":{"rewrites":[{"glob":"**","path":"/index.html"}]},"labels":{"deployment-tool":"cli-firebase"},"createTime":"2025-04-01T16:01:04.494996Z","createUser":{"email":"Adelpro@gmail.com"},"finalizeTime":"2025-04-01T16:01:56.449846Z","finalizeUser":{"email":"Adelpro@gmail.com"},"fileCount":"1276","versionBytes":"149532735"},"type":"DEPLOY","releaseTime":"2025-04-01T16:01:56.585Z","releaseUser":{"email":"Adelpro@gmail.com"}},"createTime":"2025-03-29T10:20:15.899171043Z","updateTime":"2025-04-01T16:04:04.818808687Z","retainedReleaseCount":10,"expireTime":"2025-04-08T16:04:04.818808687Z"}
[info] 
[info] === Deploying to 'open-mushaf-native'...
[info] 
[info] i  deploying hosting 
[debug] [2025-04-01T16:04:05.738Z] Checked if tokens are valid: true, expires at: 1743525625706
[debug] [2025-04-01T16:04:05.738Z] Checked if tokens are valid: true, expires at: 1743525625706
[debug] [2025-04-01T16:04:05.739Z] >>> [apiv2][query] POST https://firebasehosting.googleapis.com/v1beta1/projects/-/sites/open-mushaf-native/versions [none]
[debug] [2025-04-01T16:04:05.739Z] >>> [apiv2][body] POST https://firebasehosting.googleapis.com/v1beta1/projects/-/sites/open-mushaf-native/versions {"status":"CREATED","labels":{"deployment-tool":"cli-firebase"}}
[debug] [2025-04-01T16:04:06.617Z] <<< [apiv2][status] POST https://firebasehosting.googleapis.com/v1beta1/projects/-/sites/open-mushaf-native/versions 200
[debug] [2025-04-01T16:04:06.617Z] <<< [apiv2][body] POST https://firebasehosting.googleapis.com/v1beta1/projects/-/sites/open-mushaf-native/versions {"name":"projects/441543216338/sites/open-mushaf-native/versions/bd9b21bace445803","status":"CREATED","config":{},"labels":{"deployment-tool":"cli-firebase"}}
[info] i  hosting[open-mushaf-native]: beginning deploy... 
[info] i  hosting[open-mushaf-native]: found 1274 files in dist 
[debug] [2025-04-01T16:04:06.719Z] [hosting] uploading with 200 concurrency
